<?xml version="1.0" encoding="UTF-8"?>
<!-- Generated by org.testng.reporters.JUnitReportReporter -->
<testsuite hostname="DESKTOP-LILEBQG" failures="0" tests="1" name="testcase.Tc_01" time="3.902" errors="0" timestamp="2024-10-25T16:08:05 IST" skipped="0">
  <testcase classname="testcase.Tc_01" name="verifyaccount" time="3.902"/>
  <system-out/>
</testsuite> <!-- testcase.Tc_01 -->
